<?xml version="1.0" encoding="UTF-8"?>
<testsuite xmlns:xsi="http://www.w3.org/2001/XMLSchema-instance" xsi:schemaLocation="https://maven.apache.org/surefire/maven-surefire-plugin/xsd/surefire-test-report.xsd" name="runner.RunTest" time="11.321" tests="9" errors="0" skipped="0" failures="0">
  <properties>
    <property name="java.vendor" value="Oracle Corporation"/>
    <property name="JOB_NAME" value="automation"/>
    <property name="sun.java.launcher" value="SUN_STANDARD"/>
    <property name="windows_tracing_logfile" value="C:\BVTBin\Tests\installpackage\csilogfile.log"/>
    <property name="NUMBER_OF_PROCESSORS" value="4"/>
    <property name="sun.management.compiler" value="HotSpot 64-Bit Tiered Compilers"/>
    <property name="JENKINS_HOME" value="D:\Users\nsingh\.jenkins"/>
    <property name="HUDSON_SERVER_COOKIE" value="30dadc3b469535d3"/>
    <property name="POM_ARTIFACTID" value="automation"/>
    <property name="os.name" value="Windows 7"/>
    <property name="sun.boot.class.path" value="D:\Java\jdk1.8.0_92\jre\lib\resources.jar;D:\Java\jdk1.8.0_92\jre\lib\rt.jar;D:\Java\jdk1.8.0_92\jre\lib\sunrsasign.jar;D:\Java\jdk1.8.0_92\jre\lib\jsse.jar;D:\Java\jdk1.8.0_92\jre\lib\jce.jar;D:\Java\jdk1.8.0_92\jre\lib\charsets.jar;D:\Java\jdk1.8.0_92\jre\lib\jfr.jar;D:\Java\jdk1.8.0_92\jre\classes"/>
    <property name="EXECUTOR_NUMBER" value="0"/>
    <property name="sun.desktop" value="windows"/>
    <property name="PATHEXT" value=".COM;.EXE;.BAT;.CMD;.VBS;.VBE;.JS;.JSE;.WSF;.WSH;.MSC"/>
    <property name="java.vm.specification.vendor" value="Oracle Corporation"/>
    <property name="POM_DISPLAYNAME" value="automation"/>
    <property name="NODE_LABELS" value="master"/>
    <property name="TEMP" value="D:\Users\nsingh\AppData\Local\Temp"/>
    <property name="java.runtime.version" value="1.8.0_92-b14"/>
    <property name="user.name" value="nsingh"/>
    <property name="guice.disable.misplaced.annotation.check" value="true"/>
    <property name="CommonProgramW6432" value="C:\Program Files\Common Files"/>
    <property name="ProgramFiles" value="C:\Program Files"/>
    <property name="PROMPT" value="$P$G"/>
    <property name="user.language" value="en"/>
    <property name="JOB_BASE_NAME" value="automation"/>
    <property name="RUN_CHANGES_DISPLAY_URL" value="http://localhost:8080/job/automation/53/display/redirect?page=changes"/>
    <property name="BUILD_DISPLAY_NAME" value="#53"/>
    <property name="sun.boot.library.path" value="D:\Java\jdk1.8.0_92\jre\bin"/>
    <property name="LOCALAPPDATA" value="D:\Users\nsingh\AppData\Local"/>
    <property name="java.version" value="1.8.0_92"/>
    <property name="PROCESSOR_LEVEL" value="6"/>
    <property name="user.timezone" value="Asia/Calcutta"/>
    <property name="USERNAME" value="nsingh"/>
    <property name="sun.arch.data.model" value="64"/>
    <property name="NODE_NAME" value="master"/>
    <property name="java.endorsed.dirs" value="D:\Java\jdk1.8.0_92\jre\lib\endorsed"/>
    <property name="BUILD_ID" value="53"/>
    <property name="sun.cpu.isalist" value="amd64"/>
    <property name="sun.jnu.encoding" value="Cp1252"/>
    <property name="file.encoding.pkg" value="sun.io"/>
    <property name="file.separator" value="\"/>
    <property name="java.specification.name" value="Java Platform API Specification"/>
    <property name="HOMEDRIVE" value="D:"/>
    <property name="java.class.version" value="52.0"/>
    <property name="=::" value="::\"/>
    <property name="org.slf4j.simpleLogger.defaultLogLevel" value="info"/>
    <property name="user.country" value="IN"/>
    <property name="ALLUSERSPROFILE" value="C:\ProgramData"/>
    <property name="java.home" value="D:\Java\jdk1.8.0_92\jre"/>
    <property name="java.vm.info" value="mixed mode"/>
    <property name="os.version" value="6.1"/>
    <property name="=ExitCode" value="00000082"/>
    <property name="RUN_DISPLAY_URL" value="http://localhost:8080/job/automation/53/display/redirect"/>
    <property name="POM_VERSION" value="0.0.1-SNAPSHOT"/>
    <property name="TMP" value="D:\Users\nsingh\AppData\Local\Temp"/>
    <property name="path.separator" value=";"/>
    <property name="java.vm.version" value="25.92-b14"/>
    <property name="user.variant" value=""/>
    <property name="JOB_DISPLAY_URL" value="http://localhost:8080/job/automation/display/redirect"/>
    <property name="CommonProgramFiles(x86)" value="C:\Program Files (x86)\Common Files"/>
    <property name="java.awt.printerjob" value="sun.awt.windows.WPrinterJob"/>
    <property name="FP_NO_HOST_CHECK" value="NO"/>
    <property name="JAVA_HOME" value="D:\Java\jdk1.8.0_92"/>
    <property name="sun.io.unicode.encoding" value="UnicodeLittle"/>
    <property name="CommonProgramFiles" value="C:\Program Files\Common Files"/>
    <property name="ComSpec" value="C:\WINDOWS\system32\cmd.exe"/>
    <property name="HOMEPATH" value="\Users\nsingh"/>
    <property name="awt.toolkit" value="sun.awt.windows.WToolkit"/>
    <property name="USERDNSDOMAIN" value="PTCNET.PTC.COM"/>
    <property name="POM_PACKAGING" value="jar"/>
    <property name="user.script" value=""/>
    <property name="COMPUTERNAME" value="NSINGH2L1"/>
    <property name="POM_GROUPID" value="project"/>
    <property name="user.home" value="D:\Users\nsingh"/>
    <property name="PUBLIC" value="D:\Users\Public"/>
    <property name="BUILD_TAG" value="jenkins-automation-53"/>
    <property name="JENKINS_SERVER_COOKIE" value="30dadc3b469535d3"/>
    <property name="HUDSON_URL" value="http://localhost:8080/"/>
    <property name="ProgramData" value="C:\ProgramData"/>
    <property name="java.specification.vendor" value="Oracle Corporation"/>
    <property name="USERPROFILE" value="D:\Users\nsingh"/>
    <property name="CLASSPATH" value=""/>
    <property name="java.vendor.url" value="http://java.oracle.com/"/>
    <property name="java.library.path" value="D:\Java\jdk1.8.0_92\bin;C:\WINDOWS\Sun\Java\bin;C:\WINDOWS\system32;C:\WINDOWS;D:\Users\nsingh\Downloads\softwares\apache-maven-3.3.9/bin;D:\Java\jdk1.8.0_92/bin;D:\Java\jdk1.8.0_92/bin;C:\Python27\;C:\Python27\Scripts;C:\ProgramData\Oracle\Java\javapath;C:\Program Files\RSA SecurID Token Common;C:\WINDOWS\system32;C:\WINDOWS;C:\WINDOWS\System32\Wbem;C:\WINDOWS\System32\WindowsPowerShell\v1.0\;C:\WINDOWS\CCM;C:\Program Files (x86)\WebEx\Productivity Tools;C:\Program Files\ServiceNow;C:\Program Files (x86)\Microsoft SQL Server\110\Tools\Binn\;C:\Program Files\Microsoft SQL Server\110\Tools\Binn\;C:\Program Files\Microsoft SQL Server\110\DTS\Binn\;C:\Program Files (x86)\Microsoft SQL Server\110\Tools\Binn\ManagementStudio\;C:\Program Files (x86)\Microsoft SQL Server\110\DTS\Binn\;%JAVA_HOME%\bin;D:\Users\nsingh\Downloads\softwares\apache-maven-3.3.9\bin;C:\Program Files\TortoiseSVN\bin;."/>
    <property name="java.vm.vendor" value="Oracle Corporation"/>
    <property name="APPDATA" value="D:\Users\nsingh\AppData\Roaming"/>
    <property name="java.runtime.name" value="Java(TM) SE Runtime Environment"/>
    <property name="maven.home" value="D:\Users\nsingh\Downloads\softwares\apache-maven-3.3.9"/>
    <property name="java.class.path" value="D:\Users\nsingh\.jenkins\plugins\maven-plugin\WEB-INF\lib\maven33-agent-1.8.1.jar;D:\Users\nsingh\Downloads\softwares\apache-maven-3.3.9\boot\plexus-classworlds-2.5.2.jar;D:\Users\nsingh\Downloads\softwares\apache-maven-3.3.9/conf/logging"/>
    <property name="sun.java.command" value="jenkins.maven3.agent.Maven33Main D:\Users\nsingh\Downloads\softwares\apache-maven-3.3.9 D:\Users\nsingh\.jenkins\war\WEB-INF\lib\remoting-3.4.1.jar D:\Users\nsingh\.jenkins\plugins\maven-plugin\WEB-INF\lib\maven33-interceptor-1.8.1.jar D:\Users\nsingh\.jenkins\plugins\maven-plugin\WEB-INF\lib\maven3-interceptor-commons-1.8.1.jar 61972"/>
    <property name="Path" value="D:\Java\jdk1.8.0_92/bin;C:\Python27\;C:\Python27\Scripts;C:\ProgramData\Oracle\Java\javapath;C:\Program Files\RSA SecurID Token Common;C:\WINDOWS\system32;C:\WINDOWS;C:\WINDOWS\System32\Wbem;C:\WINDOWS\System32\WindowsPowerShell\v1.0\;C:\WINDOWS\CCM;C:\Program Files (x86)\WebEx\Productivity Tools;C:\Program Files\ServiceNow;C:\Program Files (x86)\Microsoft SQL Server\110\Tools\Binn\;C:\Program Files\Microsoft SQL Server\110\Tools\Binn\;C:\Program Files\Microsoft SQL Server\110\DTS\Binn\;C:\Program Files (x86)\Microsoft SQL Server\110\Tools\Binn\ManagementStudio\;C:\Program Files (x86)\Microsoft SQL Server\110\DTS\Binn\;%JAVA_HOME%\bin;D:\Users\nsingh\Downloads\softwares\apache-maven-3.3.9\bin;C:\Program Files\TortoiseSVN\bin"/>
    <property name="Pythonpath" value="C:\Python27\;C:\Python27\Scripts;"/>
    <property name="java.vm.specification.name" value="Java Virtual Machine Specification"/>
    <property name="PROCESSOR_ARCHITECTURE" value="AMD64"/>
    <property name="PATH+JDK" value="D:\Java\jdk1.8.0_92/bin"/>
    <property name="PROCESSOR_IDENTIFIER" value="Intel64 Family 6 Model 78 Stepping 3, GenuineIntel"/>
    <property name="SESSIONNAME" value="Console"/>
    <property name="java.vm.specification.version" value="1.8"/>
    <property name="sun.os.patch.level" value="Service Pack 1"/>
    <property name="sun.cpu.endian" value="little"/>
    <property name="M2_HOME" value="D:\Users\nsingh\Downloads\softwares\apache-maven-3.3.9"/>
    <property name="=D:" value="D:\Users\nsingh\Downloads\softwares"/>
    <property name="java.io.tmpdir" value="D:\Users\nsingh\AppData\Local\Temp\"/>
    <property name="OS" value="Windows_NT"/>
    <property name="HUDSON_HOME" value="D:\Users\nsingh\.jenkins"/>
    <property name="PATH+MAVEN" value="D:\Users\nsingh\Downloads\softwares\apache-maven-3.3.9/bin"/>
    <property name="ProgramFiles(x86)" value="C:\Program Files (x86)"/>
    <property name="BUILD_URL" value="http://localhost:8080/job/automation/53/"/>
    <property name="java.vendor.url.bug" value="http://bugreport.sun.com/bugreport/"/>
    <property name="java.awt.graphicsenv" value="sun.awt.Win32GraphicsEnvironment"/>
    <property name="os.arch" value="amd64"/>
    <property name="SystemRoot" value="C:\WINDOWS"/>
    <property name="windows_tracing_flags" value="3"/>
    <property name="java.ext.dirs" value="D:\Java\jdk1.8.0_92\jre\lib\ext;C:\WINDOWS\Sun\Java\lib\ext"/>
    <property name="user.dir" value="D:\workspace\automation"/>
    <property name="JOB_URL" value="http://localhost:8080/job/automation/"/>
    <property name="LOGONSERVER" value="\\GPUMDM-PTC02P"/>
    <property name="USERDOMAIN" value="PTCNET"/>
    <property name="line.separator" value="&#10;"/>
    <property name="MAVEN_HOME" value="D:\Users\nsingh\Downloads\softwares\apache-maven-3.3.9"/>
    <property name="java.vm.name" value="Java HotSpot(TM) 64-Bit Server VM"/>
    <property name="BUILD_NUMBER" value="53"/>
    <property name="JENKINS_URL" value="http://localhost:8080/"/>
    <property name="PROCESSOR_REVISION" value="4e03"/>
    <property name="UATDATA" value="C:\WINDOWS\CCM\UATData\D9F8C395-CAB8-491d-B8AC-179A1FE1BE77"/>
    <property name="ProgramW6432" value="C:\Program Files"/>
    <property name="windir" value="C:\WINDOWS"/>
    <property name="file.encoding" value="Cp1252"/>
    <property name="SystemDrive" value="C:"/>
    <property name="maven3.interceptor" value="D:\Users\nsingh\.jenkins\plugins\maven-plugin\WEB-INF\lib\maven33-interceptor-1.8.1.jar"/>
    <property name="WORKSPACE" value="D:\Users\nsingh\.jenkins\jobs\automation\workspace"/>
    <property name="maven3.interceptor.common" value="D:\Users\nsingh\.jenkins\plugins\maven-plugin\WEB-INF\lib\maven3-interceptor-commons-1.8.1.jar"/>
    <property name="java.specification.version" value="1.8"/>
    <property name="PSModulePath" value="C:\WINDOWS\system32\WindowsPowerShell\v1.0\Modules\;C:\Program Files\Microsoft Security Client\MpProvider\;C:\Program Files (x86)\Microsoft SQL Server\110\Tools\PowerShell\Modules\"/>
  </properties>
  <testcase name="When PTC sevlistic page is open" classname="Scenario: verify login for valid user" time="0.001"/>
  <testcase name="And login with valid usename" classname="Scenario: verify login for valid user" time="0"/>
  <testcase name="Then User should be login" classname="Scenario: verify login for valid user" time="0"/>
  <testcase name="Scenario: verify login for valid user" classname="Scenario: verify login for valid user" time="2.332"/>
  <testcase name="When PTC sevlistic page is open" classname="| nalini |  | 1234567 |" time="0"/>
  <testcase name="And username nalini entered" classname="| nalini |  | 1234567 |" time="0"/>
  <testcase name="And password 1234567 entered" classname="| nalini |  | 1234567 |" time="0"/>
  <testcase name="Then error message should be verified" classname="| nalini |  | 1234567 |" time="0"/>
  <testcase name="| nalini |  | 1234567 |" classname="| nalini |  | 1234567 |" time="0.854"/>
</testsuite>